mode: set
github.com/IgorSteps/easypark/internal/adapters/rest/models/register.go:19.57,27.2 1 0
github.com/IgorSteps/easypark/internal/drivers/auth/jwt.go:12.31,16.2 1 0
github.com/IgorSteps/easypark/internal/drivers/auth/jwt.go:24.63,26.2 1 0
github.com/IgorSteps/easypark/internal/drivers/auth/jwt.go:29.95,37.2 2 0
github.com/IgorSteps/easypark/internal/drivers/db/database.go:30.48,37.45 5 0
github.com/IgorSteps/easypark/internal/drivers/db/database.go:37.45,39.3 1 0
github.com/IgorSteps/easypark/internal/drivers/db/database.go:41.2,42.16 2 0
github.com/IgorSteps/easypark/internal/drivers/db/database.go:42.16,44.3 1 0
github.com/IgorSteps/easypark/internal/drivers/db/database.go:46.2,46.28 1 0
github.com/IgorSteps/easypark/internal/drivers/db/database.go:49.59,56.16 3 0
github.com/IgorSteps/easypark/internal/drivers/db/database.go:56.16,59.3 2 0
github.com/IgorSteps/easypark/internal/drivers/db/database.go:61.2,63.16 2 0
github.com/IgorSteps/easypark/internal/drivers/db/gorm_wrapper.go:16.47,20.2 1 0
github.com/IgorSteps/easypark/internal/drivers/db/gorm_wrapper.go:23.76,25.2 1 0
github.com/IgorSteps/easypark/internal/drivers/db/gorm_wrapper.go:27.69,29.2 1 0
github.com/IgorSteps/easypark/internal/drivers/db/gorm_wrapper.go:31.89,33.2 1 0
github.com/IgorSteps/easypark/internal/drivers/db/gorm_wrapper.go:36.68,38.2 1 0
github.com/IgorSteps/easypark/internal/drivers/db/gorm_wrapper.go:41.37,43.2 1 0
github.com/IgorSteps/easypark/internal/adapters/datastore/user_repository.go:19.90,24.2 1 1
github.com/IgorSteps/easypark/internal/adapters/datastore/user_repository.go:26.93,29.16 3 1
github.com/IgorSteps/easypark/internal/adapters/datastore/user_repository.go:29.16,33.3 2 1
github.com/IgorSteps/easypark/internal/adapters/datastore/user_repository.go:35.2,35.12 1 1
github.com/IgorSteps/easypark/internal/adapters/datastore/user_repository.go:39.106,44.16 4 1
github.com/IgorSteps/easypark/internal/adapters/datastore/user_repository.go:44.16,45.36 1 1
github.com/IgorSteps/easypark/internal/adapters/datastore/user_repository.go:45.36,47.4 1 1
github.com/IgorSteps/easypark/internal/adapters/datastore/user_repository.go:49.3,53.90 2 1
github.com/IgorSteps/easypark/internal/adapters/datastore/user_repository.go:56.2,56.18 1 1
github.com/IgorSteps/easypark/internal/adapters/datastore/user_repository.go:60.111,65.16 4 1
github.com/IgorSteps/easypark/internal/adapters/datastore/user_repository.go:65.16,66.36 1 1
github.com/IgorSteps/easypark/internal/adapters/datastore/user_repository.go:66.36,69.4 2 1
github.com/IgorSteps/easypark/internal/adapters/datastore/user_repository.go:71.3,72.101 2 1
github.com/IgorSteps/easypark/internal/adapters/datastore/user_repository.go:75.2,75.19 1 1
github.com/IgorSteps/easypark/internal/adapters/rest/handlers/handler_factory.go:17.82,22.2 1 1
github.com/IgorSteps/easypark/internal/adapters/rest/handlers/handler_factory.go:25.52,27.2 1 1
github.com/IgorSteps/easypark/internal/adapters/rest/handlers/handler_factory.go:29.55,31.2 1 1
github.com/IgorSteps/easypark/internal/adapters/rest/handlers/user_create.go:20.78,25.2 1 1
github.com/IgorSteps/easypark/internal/adapters/rest/handlers/user_create.go:28.79,32.16 3 1
github.com/IgorSteps/easypark/internal/adapters/rest/handlers/user_create.go:32.16,36.3 3 1
github.com/IgorSteps/easypark/internal/adapters/rest/handlers/user_create.go:38.2,40.16 3 1
github.com/IgorSteps/easypark/internal/adapters/rest/handlers/user_create.go:40.16,43.21 2 1
github.com/IgorSteps/easypark/internal/adapters/rest/handlers/user_create.go:44.45,46.10 2 1
github.com/IgorSteps/easypark/internal/adapters/rest/handlers/user_create.go:47.36,49.10 2 1
github.com/IgorSteps/easypark/internal/adapters/rest/handlers/user_create.go:50.11,53.10 3 0
github.com/IgorSteps/easypark/internal/adapters/rest/handlers/user_create.go:57.2,59.33 3 1
github.com/IgorSteps/easypark/internal/adapters/rest/handlers/user_login.go:20.76,25.2 1 1
github.com/IgorSteps/easypark/internal/adapters/rest/handlers/user_login.go:28.78,32.16 3 1
github.com/IgorSteps/easypark/internal/adapters/rest/handlers/user_login.go:32.16,36.3 3 0
github.com/IgorSteps/easypark/internal/adapters/rest/handlers/user_login.go:38.2,39.16 2 1
github.com/IgorSteps/easypark/internal/adapters/rest/handlers/user_login.go:39.16,41.21 2 1
github.com/IgorSteps/easypark/internal/adapters/rest/handlers/user_login.go:42.46,44.10 2 1
github.com/IgorSteps/easypark/internal/adapters/rest/handlers/user_login.go:45.40,47.10 2 1
github.com/IgorSteps/easypark/internal/adapters/rest/handlers/user_login.go:48.36,50.10 2 1
github.com/IgorSteps/easypark/internal/adapters/rest/handlers/user_login.go:51.11,54.10 3 0
github.com/IgorSteps/easypark/internal/adapters/rest/handlers/user_login.go:58.2,60.33 3 1
github.com/IgorSteps/easypark/internal/adapters/rest/models/register.go:19.57,27.2 1 1
github.com/IgorSteps/easypark/internal/adapters/rest/routes/routes.go:17.58,25.2 5 1
github.com/IgorSteps/easypark/internal/adapters/usecasefacades/user.go:26.88,31.2 1 1
github.com/IgorSteps/easypark/internal/adapters/usecasefacades/user.go:34.81,36.2 1 1
github.com/IgorSteps/easypark/internal/adapters/usecasefacades/user.go:39.100,41.2 1 1
github.com/IgorSteps/easypark/internal/domain/repositories/errors.go:11.36,13.2 1 1
github.com/IgorSteps/easypark/internal/domain/repositories/errors.go:21.63,25.2 1 1
github.com/IgorSteps/easypark/internal/domain/repositories/errors.go:33.80,37.2 1 1
github.com/IgorSteps/easypark/internal/domain/repositories/errors.go:45.60,49.2 1 1
github.com/IgorSteps/easypark/internal/domain/repositories/errors.go:57.54,61.2 1 1
github.com/IgorSteps/easypark/internal/drivers/httpserver/server.go:16.38,18.2 1 1
github.com/IgorSteps/easypark/internal/drivers/httpserver/server.go:21.41,24.2 2 0
github.com/IgorSteps/easypark/internal/usecases/authenticate_user.go:26.119,32.2 1 1
github.com/IgorSteps/easypark/internal/usecases/authenticate_user.go:35.100,37.16 2 1
github.com/IgorSteps/easypark/internal/usecases/authenticate_user.go:37.16,39.3 1 1
github.com/IgorSteps/easypark/internal/usecases/authenticate_user.go:42.2,42.31 1 1
github.com/IgorSteps/easypark/internal/usecases/authenticate_user.go:42.31,45.3 2 1
github.com/IgorSteps/easypark/internal/usecases/authenticate_user.go:47.2,49.16 3 1
github.com/IgorSteps/easypark/internal/usecases/authenticate_user.go:49.16,52.3 2 1
github.com/IgorSteps/easypark/internal/usecases/authenticate_user.go:54.2,54.19 1 1
github.com/IgorSteps/easypark/internal/usecases/register_user.go:19.93,24.2 1 1
github.com/IgorSteps/easypark/internal/usecases/register_user.go:27.80,29.16 2 1
github.com/IgorSteps/easypark/internal/usecases/register_user.go:29.16,31.3 1 1
github.com/IgorSteps/easypark/internal/usecases/register_user.go:34.2,38.16 4 1
github.com/IgorSteps/easypark/internal/usecases/register_user.go:38.16,40.3 1 1
github.com/IgorSteps/easypark/internal/usecases/register_user.go:42.2,42.12 1 1
github.com/IgorSteps/easypark/internal/usecases/register_user.go:46.81,48.16 2 1
github.com/IgorSteps/easypark/internal/usecases/register_user.go:48.16,50.3 1 1
github.com/IgorSteps/easypark/internal/usecases/register_user.go:52.2,52.15 1 1
github.com/IgorSteps/easypark/internal/usecases/register_user.go:52.15,59.3 2 1
github.com/IgorSteps/easypark/internal/usecases/register_user.go:61.2,61.12 1 1
