mode: set
github.com/IgorSteps/easypark/internal/adapters/rest/models/parking_request.go:17.75,23.2 1 0
github.com/IgorSteps/easypark/internal/adapters/rest/models/register.go:19.57,27.2 1 0
github.com/IgorSteps/easypark/internal/drivers/config/config.go:35.36,40.45 4 0
github.com/IgorSteps/easypark/internal/drivers/config/config.go:40.45,42.3 1 0
github.com/IgorSteps/easypark/internal/drivers/config/config.go:44.2,45.49 2 0
github.com/IgorSteps/easypark/internal/drivers/config/config.go:45.49,47.3 1 0
github.com/IgorSteps/easypark/internal/drivers/config/config.go:49.2,49.21 1 0
github.com/IgorSteps/easypark/internal/domain/repositories/errors.go:11.36,13.2 1 1
github.com/IgorSteps/easypark/internal/domain/repositories/errors.go:21.49,25.2 1 1
github.com/IgorSteps/easypark/internal/domain/repositories/errors.go:33.80,37.2 1 1
github.com/IgorSteps/easypark/internal/domain/repositories/errors.go:45.58,49.2 1 1
github.com/IgorSteps/easypark/internal/domain/repositories/errors.go:57.54,61.2 1 1
github.com/IgorSteps/easypark/internal/domain/entities/parking_lot.go:22.68,29.32 6 1
github.com/IgorSteps/easypark/internal/domain/entities/parking_lot.go:29.32,33.3 3 1
github.com/IgorSteps/easypark/internal/domain/entities/parking_request.go:28.37,31.2 2 1
github.com/IgorSteps/easypark/internal/domain/entities/parking_space.go:28.70,33.2 4 1
github.com/IgorSteps/easypark/internal/domain/entities/user.go:34.30,38.2 3 0
github.com/IgorSteps/easypark/internal/domain/entities/user.go:41.22,43.2 1 0
github.com/IgorSteps/easypark/internal/drivers/auth/jwt.go:13.87,15.2 1 1
github.com/IgorSteps/easypark/internal/drivers/auth/jwt.go:23.60,25.2 1 1
github.com/IgorSteps/easypark/internal/drivers/auth/jwt.go:28.78,41.2 3 1
github.com/IgorSteps/easypark/internal/drivers/auth/jwt.go:44.81,48.47 2 0
github.com/IgorSteps/easypark/internal/drivers/auth/jwt.go:48.47,50.4 1 0
github.com/IgorSteps/easypark/internal/drivers/auth/jwt.go:52.2,52.16 1 0
github.com/IgorSteps/easypark/internal/drivers/auth/jwt.go:52.16,55.3 1 0
github.com/IgorSteps/easypark/internal/drivers/auth/jwt.go:57.2,57.18 1 0
github.com/IgorSteps/easypark/internal/drivers/auth/jwt.go:57.18,59.3 1 0
github.com/IgorSteps/easypark/internal/drivers/auth/jwt.go:61.2,61.20 1 0
github.com/IgorSteps/easypark/internal/drivers/config/config.go:35.36,40.45 4 0
github.com/IgorSteps/easypark/internal/drivers/config/config.go:40.45,42.3 1 0
github.com/IgorSteps/easypark/internal/drivers/config/config.go:44.2,45.49 2 0
github.com/IgorSteps/easypark/internal/drivers/config/config.go:45.49,47.3 1 0
github.com/IgorSteps/easypark/internal/drivers/config/config.go:49.2,49.21 1 0
github.com/IgorSteps/easypark/internal/drivers/config/config.go:35.36,40.45 4 0
github.com/IgorSteps/easypark/internal/drivers/config/config.go:40.45,42.3 1 0
github.com/IgorSteps/easypark/internal/drivers/config/config.go:44.2,45.49 2 0
github.com/IgorSteps/easypark/internal/drivers/config/config.go:45.49,47.3 1 0
github.com/IgorSteps/easypark/internal/drivers/config/config.go:49.2,49.21 1 0
github.com/IgorSteps/easypark/internal/drivers/db/database.go:13.102,23.16 3 0
github.com/IgorSteps/easypark/internal/drivers/db/database.go:23.16,26.3 2 0
github.com/IgorSteps/easypark/internal/drivers/db/database.go:29.2,36.16 2 0
github.com/IgorSteps/easypark/internal/drivers/db/gorm_logger.go:19.106,24.2 1 1
github.com/IgorSteps/easypark/internal/drivers/db/gorm_logger.go:27.76,31.2 3 0
github.com/IgorSteps/easypark/internal/drivers/db/gorm_logger.go:34.87,35.31 1 1
github.com/IgorSteps/easypark/internal/drivers/db/gorm_logger.go:35.31,37.3 1 1
github.com/IgorSteps/easypark/internal/drivers/db/gorm_logger.go:41.87,42.31 1 1
github.com/IgorSteps/easypark/internal/drivers/db/gorm_logger.go:42.31,44.3 1 1
github.com/IgorSteps/easypark/internal/drivers/db/gorm_logger.go:48.88,49.32 1 1
github.com/IgorSteps/easypark/internal/drivers/db/gorm_logger.go:49.32,51.3 1 1
github.com/IgorSteps/easypark/internal/drivers/db/gorm_logger.go:55.110,56.33 1 1
github.com/IgorSteps/easypark/internal/drivers/db/gorm_logger.go:56.33,58.3 1 0
github.com/IgorSteps/easypark/internal/drivers/db/gorm_logger.go:60.2,61.9 2 1
github.com/IgorSteps/easypark/internal/drivers/db/gorm_logger.go:62.48,67.24 2 1
github.com/IgorSteps/easypark/internal/drivers/db/gorm_logger.go:68.58,74.24 2 1
github.com/IgorSteps/easypark/internal/drivers/db/gorm_logger.go:75.33,81.23 2 1
github.com/IgorSteps/easypark/internal/drivers/db/gorm_logger.go:85.50,86.15 1 1
github.com/IgorSteps/easypark/internal/drivers/db/gorm_logger.go:87.16,88.23 1 0
github.com/IgorSteps/easypark/internal/drivers/db/gorm_logger.go:89.15,90.22 1 1
github.com/IgorSteps/easypark/internal/drivers/db/gorm_logger.go:91.14,92.21 1 1
github.com/IgorSteps/easypark/internal/drivers/db/gorm_logger.go:93.14,94.21 1 1
github.com/IgorSteps/easypark/internal/drivers/db/gorm_logger.go:95.10,96.21 1 0
github.com/IgorSteps/easypark/internal/drivers/db/gorm_wrapper.go:16.47,20.2 1 0
github.com/IgorSteps/easypark/internal/drivers/db/gorm_wrapper.go:23.76,25.2 1 0
github.com/IgorSteps/easypark/internal/drivers/db/gorm_wrapper.go:27.69,29.2 1 0
github.com/IgorSteps/easypark/internal/drivers/db/gorm_wrapper.go:31.89,33.2 1 0
github.com/IgorSteps/easypark/internal/drivers/db/gorm_wrapper.go:36.89,38.2 1 0
github.com/IgorSteps/easypark/internal/drivers/db/gorm_wrapper.go:41.70,43.2 1 0
github.com/IgorSteps/easypark/internal/drivers/db/gorm_wrapper.go:46.67,48.2 1 0
github.com/IgorSteps/easypark/internal/drivers/db/gorm_wrapper.go:51.93,53.2 1 0
github.com/IgorSteps/easypark/internal/drivers/db/gorm_wrapper.go:56.37,58.2 1 0
github.com/IgorSteps/easypark/internal/drivers/config/config.go:35.36,40.45 4 0
github.com/IgorSteps/easypark/internal/drivers/config/config.go:40.45,42.3 1 0
github.com/IgorSteps/easypark/internal/drivers/config/config.go:44.2,45.49 2 0
github.com/IgorSteps/easypark/internal/drivers/config/config.go:45.49,47.3 1 0
github.com/IgorSteps/easypark/internal/drivers/config/config.go:49.2,49.21 1 0
github.com/IgorSteps/easypark/internal/drivers/httpserver/server.go:17.74,22.2 1 1
github.com/IgorSteps/easypark/internal/drivers/httpserver/server.go:25.30,27.2 1 0
github.com/IgorSteps/easypark/internal/drivers/config/config.go:35.36,40.45 4 0
github.com/IgorSteps/easypark/internal/drivers/config/config.go:40.45,42.3 1 0
github.com/IgorSteps/easypark/internal/drivers/config/config.go:44.2,45.49 2 0
github.com/IgorSteps/easypark/internal/drivers/config/config.go:45.49,47.3 1 0
github.com/IgorSteps/easypark/internal/drivers/config/config.go:49.2,49.21 1 0
github.com/IgorSteps/easypark/internal/drivers/logger/logger.go:9.70,13.16 3 1
github.com/IgorSteps/easypark/internal/drivers/logger/logger.go:13.16,16.3 2 1
github.com/IgorSteps/easypark/internal/drivers/logger/logger.go:16.8,18.3 1 1
github.com/IgorSteps/easypark/internal/drivers/logger/logger.go:20.2,20.15 1 1
